<?xml version="1.0" encoding="UTF-8"?>
<testsuites name="Home_Page_003_TS" time="84.024" tests="3" failures="0" errors="0">
   <testsuite name="Home_Page_003_TS" tests="3" failures="0" errors="0" time="84.024" skipped="0" timestamp="11-03-2025T09:50:00" hostname="simae - sima_choudhary" id="Test Suites/Home_Page_003_TS">
      <properties>
         <property name="deviceName" value=""/>
         <property name="devicePlatform"/>
         <property name="logFolder" value="C:\\Users\\simae\\git\\Amazon-AST\\Reports\\20250311_094951\\Home_Page_003_TS\\20250311_094954"/>
         <property name="logFiles" value="C:\\Users\\simae\\git\\Amazon-AST\\Reports\\20250311_094951\\Home_Page_003_TS\\20250311_094954\\execution0.log"/>
         <property name="attachments" value=""/>
         <property name="hostName" value="simae - sima_choudhary"/>
         <property name="os" value="Windows 11 64bit"/>
         <property name="katalonVersion" value="10.1.0.223"/>
         <property name="browser" value="Firefox 136.0"/>
         <property name="hostAddress" value="192.168.79.186"/>
         <property name="sessionId" value="845248fd-a131-4585-b8f3-e881bea844d3"/>
         <property name="seleniumVersion" value="4.22.0"/>
         <property name="proxyInformation" value="ProxyInformation { proxyOption=NO_PROXY, proxyServerType=HTTP, username=, password=********, proxyServerAddress=, proxyServerPort=0, executionList=&quot;&quot;, isApplyToDesiredCapabilities=true }"/>
         <property name="platform" value="Windows 11"/>
      </properties>
      <testcase name="Test Cases/Script Mode/TC_Amazon_Home_007" time="42.287" classname="Test Cases/Script Mode/TC_Amazon_Home_007" status="PASSED">
         <system-out><![CDATA[11-03-2025T09:50:00 - [TEST_CASE][PASSED] - Test Cases/Script Mode/TC_Amazon_Home_007: Test Cases/Script Mode/TC_Amazon_Home_007

11-03-2025T09:50:00 - [TEST_STEP][PASSED] - openBrowser(""): Browser is opened with url: ''

11-03-2025T09:50:01 - [MESSAGE][INFO] - Starting 'Firefox' driver

11-03-2025T09:50:01 - [MESSAGE][INFO] - Action delay is set to 0 milliseconds

11-03-2025T09:50:05 - [MESSAGE][PASSED] - Browser is opened with url: ''

11-03-2025T09:50:05 - [TEST_STEP][PASSED] - navigateToUrl("https://www.amazon.com/"): Navigate to 'https://www.amazon.com/' successfully

11-03-2025T09:50:06 - [MESSAGE][PASSED] - Navigate to 'https://www.amazon.com/' successfully

11-03-2025T09:50:06 - [TEST_STEP][PASSED] - maximizeWindow(): Current window maximized

11-03-2025T09:50:06 - [MESSAGE][PASSED] - Current window maximized

11-03-2025T09:50:06 - [TEST_STEP][PASSED] - click(findTestObject("Object Repository/Validate_logo_007_OR/Page_Amazon.com. Spend less. Smile more/a_us")): Object: 'Object Repository/Validate_logo_007_OR/Page_Amazon.com. Spend less. Smile more/a_us' is clicked on

11-03-2025T09:50:38 - [MESSAGE][INFO] - Unable to find the element located by 'By.xpath: //a[@id='nav-logo-sprites']'. Please recheck the objects properties to make sure the desired element is located. 

11-03-2025T09:50:38 - [MESSAGE][WARNING] - [SELF-HEALING] Failed to find element with id 'Object Repository/Validate_logo_007_OR/Page_Amazon.com. Spend less. Smile more/a_us'. Try using Self-healing.

11-03-2025T09:50:38 - [MESSAGE][WARNING] - [SELF-HEALING] The current locator of test object 'Object Repository/Validate_logo_007_OR/Page_Amazon.com. Spend less. Smile more/a_us' was broken. Propose an alternative one: '//div/div/a'.

11-03-2025T09:50:40 - [MESSAGE][PASSED] - Object: 'Object Repository/Validate_logo_007_OR/Page_Amazon.com. Spend less. Smile more/a_us' is clicked on

11-03-2025T09:50:40 - [TEST_STEP][PASSED] - closeBrowser(): Browser is closed

11-03-2025T09:50:42 - [MESSAGE][PASSED] - Browser is closed]]></system-out>
         <system-err><![CDATA[]]></system-err>
      </testcase>
      <testcase name="Test Cases/Script Mode/TC_Amazon_Home_008" time="15.545" classname="Test Cases/Script Mode/TC_Amazon_Home_008" status="PASSED">
         <system-out><![CDATA[11-03-2025T09:50:42 - [TEST_CASE][PASSED] - Test Cases/Script Mode/TC_Amazon_Home_008: Test Cases/Script Mode/TC_Amazon_Home_008

11-03-2025T09:50:42 - [TEST_STEP][PASSED] - openBrowser(""): Browser is opened with url: ''

11-03-2025T09:50:42 - [MESSAGE][INFO] - Starting 'Firefox' driver

11-03-2025T09:50:42 - [MESSAGE][INFO] - Action delay is set to 0 milliseconds

11-03-2025T09:50:45 - [MESSAGE][PASSED] - Browser is opened with url: ''

11-03-2025T09:50:45 - [TEST_STEP][PASSED] - navigateToUrl("https://www.amazon.com/"): Navigate to 'https://www.amazon.com/' successfully

11-03-2025T09:50:46 - [MESSAGE][PASSED] - Navigate to 'https://www.amazon.com/' successfully

11-03-2025T09:50:46 - [TEST_STEP][PASSED] - click(findTestObject("Object Repository/Todays_deal_008_OR/Page_Amazon.com. Spend less. Smile more/a_Your Account")): Object: 'Object Repository/Todays_deal_008_OR/Page_Amazon.com. Spend less. Smile more/a_Your Account' is clicked on

11-03-2025T09:50:48 - [MESSAGE][PASSED] - Object: 'Object Repository/Todays_deal_008_OR/Page_Amazon.com. Spend less. Smile more/a_Your Account' is clicked on

11-03-2025T09:50:48 - [TEST_STEP][PASSED] - click(findTestObject("Object Repository/Todays_deal_008_OR/Page_Your Account/a_Todays Deals")): Object: 'Object Repository/Todays_deal_008_OR/Page_Your Account/a_Todays Deals' is clicked on

11-03-2025T09:50:51 - [MESSAGE][PASSED] - Object: 'Object Repository/Todays_deal_008_OR/Page_Your Account/a_Todays Deals' is clicked on

11-03-2025T09:50:51 - [TEST_STEP][PASSED] - click(findTestObject("Object Repository/Todays_deal_008_OR/Page_Todays Deals/i_All_a-icon a-icon-radio")): Object: 'Object Repository/Todays_deal_008_OR/Page_Todays Deals/i_All_a-icon a-icon-radio' is clicked on

11-03-2025T09:50:52 - [MESSAGE][PASSED] - Object: 'Object Repository/Todays_deal_008_OR/Page_Todays Deals/i_All_a-icon a-icon-radio' is clicked on

11-03-2025T09:50:52 - [TEST_STEP][PASSED] - click(findTestObject("Object Repository/Todays_deal_008_OR/Page_Todays Deals/a_Clear Filters")): Object: 'Object Repository/Todays_deal_008_OR/Page_Todays Deals/a_Clear Filters' is clicked on

11-03-2025T09:50:55 - [MESSAGE][PASSED] - Object: 'Object Repository/Todays_deal_008_OR/Page_Todays Deals/a_Clear Filters' is clicked on

11-03-2025T09:50:55 - [TEST_STEP][PASSED] - click(findTestObject("Object Repository/Todays_deal_008_OR/Page_Todays Deals/i_Appliances_a-icon a-icon-radio")): Object: 'Object Repository/Todays_deal_008_OR/Page_Todays Deals/i_Appliances_a-icon a-icon-radio' is clicked on

11-03-2025T09:50:57 - [MESSAGE][PASSED] - Object: 'Object Repository/Todays_deal_008_OR/Page_Todays Deals/i_Appliances_a-icon a-icon-radio' is clicked on

11-03-2025T09:50:57 - [TEST_STEP][PASSED] - closeBrowser(): Browser is closed

11-03-2025T09:50:58 - [MESSAGE][PASSED] - Browser is closed]]></system-out>
         <system-err><![CDATA[]]></system-err>
      </testcase>
      <testcase name="Test Cases/Built-In-Keywords/TC_Amazon_Home_009" time="25.698" classname="Test Cases/Built-In-Keywords/TC_Amazon_Home_009" status="PASSED">
         <system-out><![CDATA[11-03-2025T09:50:58 - [TEST_CASE][PASSED] - Test Cases/Built-In-Keywords/TC_Amazon_Home_009: Test Cases/Built-In-Keywords/TC_Amazon_Home_009

11-03-2025T09:50:58 - [TEST_STEP][PASSED] - openBrowser(""): Browser is opened with url: ''

11-03-2025T09:50:58 - [MESSAGE][INFO] - Starting 'Firefox' driver

11-03-2025T09:50:58 - [MESSAGE][INFO] - Action delay is set to 0 milliseconds

11-03-2025T09:51:00 - [MESSAGE][PASSED] - Browser is opened with url: ''

11-03-2025T09:51:00 - [TEST_STEP][PASSED] - navigateToUrl("https://www.amazon.com/"): Navigate to 'https://www.amazon.com/' successfully

11-03-2025T09:51:01 - [MESSAGE][PASSED] - Navigate to 'https://www.amazon.com/' successfully

11-03-2025T09:51:01 - [TEST_STEP][PASSED] - out.println(getWindowTitle()): Current window's title is: 'Amazon.com. Spend less. Smile more.'

11-03-2025T09:51:01 - [MESSAGE][PASSED] - Current window's title is: 'Amazon.com. Spend less. Smile more.'

11-03-2025T09:51:01 - [TEST_STEP][PASSED] - click(findTestObject("login_003_OR/Page_Amazon.com. Spend less. Smile more/a_Your Account")): Object: 'Object Repository/login_003_OR/Page_Amazon.com. Spend less. Smile more/a_Your Account' is clicked on

11-03-2025T09:51:03 - [MESSAGE][PASSED] - Object: 'Object Repository/login_003_OR/Page_Amazon.com. Spend less. Smile more/a_Your Account' is clicked on

11-03-2025T09:51:03 - [TEST_STEP][PASSED] - click(findTestObject("Object Repository/Built_in_keyword_009_OR/Page_Amazon.com. Spend less. Smile more/span_All")): Object: 'Object Repository/Built_in_keyword_009_OR/Page_Amazon.com. Spend less. Smile more/span_All' is clicked on

11-03-2025T09:51:04 - [MESSAGE][PASSED] - Object: 'Object Repository/Built_in_keyword_009_OR/Page_Amazon.com. Spend less. Smile more/span_All' is clicked on

11-03-2025T09:51:04 - [TEST_STEP][PASSED] - click(findTestObject("Object Repository/Built_in_keyword_009_OR/Page_Amazon.com. Spend less. Smile more/div_Electronics")): Object: 'Object Repository/Built_in_keyword_009_OR/Page_Amazon.com. Spend less. Smile more/div_Electronics' is clicked on

11-03-2025T09:51:08 - [MESSAGE][PASSED] - Object: 'Object Repository/Built_in_keyword_009_OR/Page_Amazon.com. Spend less. Smile more/div_Electronics' is clicked on

11-03-2025T09:51:08 - [TEST_STEP][PASSED] - out.println(getWindowIndex()): Current window's index is: 0

11-03-2025T09:51:08 - [MESSAGE][PASSED] - Current window's index is: 0

11-03-2025T09:51:08 - [TEST_STEP][PASSED] - back(): Navigate back successfully

11-03-2025T09:51:09 - [MESSAGE][PASSED] - Navigate back successfully

11-03-2025T09:51:09 - [TEST_STEP][PASSED] - navigateToUrl("https://www.gmail.com"): Navigate to 'https://www.gmail.com' successfully

11-03-2025T09:51:12 - [MESSAGE][PASSED] - Navigate to 'https://www.gmail.com' successfully

11-03-2025T09:51:12 - [TEST_STEP][PASSED] - delay(5): Delayed 5 second(s)

11-03-2025T09:51:18 - [MESSAGE][PASSED] - Delayed 5 second(s)

11-03-2025T09:51:18 - [TEST_STEP][PASSED] - back(): Navigate back successfully

11-03-2025T09:51:18 - [MESSAGE][PASSED] - Navigate back successfully

11-03-2025T09:51:18 - [TEST_STEP][PASSED] - delay(5): Delayed 5 second(s)

11-03-2025T09:51:23 - [MESSAGE][PASSED] - Delayed 5 second(s)

11-03-2025T09:51:23 - [TEST_STEP][PASSED] - closeBrowser(): Browser is closed

11-03-2025T09:51:24 - [MESSAGE][PASSED] - Browser is closed]]></system-out>
         <system-err><![CDATA[]]></system-err>
      </testcase>
      <system-out><![CDATA[11-03-2025T09:50:00 - [TEST_SUITE][PASSED] - Home_Page_003_TS: Test Cases/Built-In-Keywords/TC_Amazon_Home_009]]></system-out>
      <system-err><![CDATA[]]></system-err>
   </testsuite>
</testsuites>
