<?xml version="1.0" encoding="UTF-8"?>
<testsuites name="Home_Page_003_TS" time="145.0" tests="3" failures="0" errors="0">
   <testsuite name="Home_Page_003_TS" tests="3" failures="0" errors="0" time="145.0" skipped="0" timestamp="11-03-2025T09:33:20" hostname="simae - sima_choudhary" id="Test Suites/Home_Page_003_TS">
      <properties>
         <property name="deviceName" value=""/>
         <property name="devicePlatform"/>
         <property name="logFolder" value="C:\\Users\\simae\\git\\Amazon-AST\\Reports\\20250311_093315\\Home_Page_003_TS\\20250311_093316"/>
         <property name="logFiles" value="C:\\Users\\simae\\git\\Amazon-AST\\Reports\\20250311_093315\\Home_Page_003_TS\\20250311_093316\\execution0.log"/>
         <property name="attachments" value=""/>
         <property name="hostName" value="simae - sima_choudhary"/>
         <property name="os" value="Windows 11 64bit"/>
         <property name="katalonVersion" value="10.1.0.223"/>
         <property name="browser" value="Firefox 136.0"/>
         <property name="hostAddress" value="192.168.79.186"/>
         <property name="sessionId" value="4104988b-8314-448e-9aab-7451badf8efd"/>
         <property name="seleniumVersion" value="4.22.0"/>
         <property name="proxyInformation" value="ProxyInformation { proxyOption=NO_PROXY, proxyServerType=HTTP, username=, password=********, proxyServerAddress=, proxyServerPort=0, executionList=&quot;&quot;, isApplyToDesiredCapabilities=true }"/>
         <property name="platform" value="Windows 11"/>
      </properties>
      <testcase name="Test Cases/Script Mode/TC_Amazon_Home_007" time="42.057" classname="Test Cases/Script Mode/TC_Amazon_Home_007" status="PASSED">
         <system-out><![CDATA[11-03-2025T09:33:20 - [TEST_CASE][PASSED] - Test Cases/Script Mode/TC_Amazon_Home_007: Test Cases/Script Mode/TC_Amazon_Home_007

11-03-2025T09:33:20 - [TEST_STEP][PASSED] - openBrowser(""): Browser is opened with url: ''

11-03-2025T09:33:21 - [MESSAGE][INFO] - Starting 'Firefox' driver

11-03-2025T09:33:21 - [MESSAGE][INFO] - Action delay is set to 0 milliseconds

11-03-2025T09:33:24 - [MESSAGE][PASSED] - Browser is opened with url: ''

11-03-2025T09:33:24 - [TEST_STEP][PASSED] - navigateToUrl("https://www.amazon.com/"): Navigate to 'https://www.amazon.com/' successfully

11-03-2025T09:33:25 - [MESSAGE][PASSED] - Navigate to 'https://www.amazon.com/' successfully

11-03-2025T09:33:25 - [TEST_STEP][PASSED] - maximizeWindow(): Current window maximized

11-03-2025T09:33:26 - [MESSAGE][PASSED] - Current window maximized

11-03-2025T09:33:26 - [TEST_STEP][PASSED] - click(findTestObject("Object Repository/Validate_logo_007_OR/Page_Amazon.com. Spend less. Smile more/a_us")): Object: 'Object Repository/Validate_logo_007_OR/Page_Amazon.com. Spend less. Smile more/a_us' is clicked on

11-03-2025T09:33:57 - [MESSAGE][INFO] - Unable to find the element located by 'By.xpath: //a[@id='nav-logo-sprites']'. Please recheck the objects properties to make sure the desired element is located. 

11-03-2025T09:33:57 - [MESSAGE][WARNING] - [SELF-HEALING] Failed to find element with id 'Object Repository/Validate_logo_007_OR/Page_Amazon.com. Spend less. Smile more/a_us'. Try using Self-healing.

11-03-2025T09:33:57 - [MESSAGE][INFO] - [SELF-HEALING] Failed Locator: '//a[@id='nav-logo-sprites']'.

11-03-2025T09:33:57 - [MESSAGE][INFO] - [SELF-HEALING] Failed Locator: '//div[@id='nav-logo']/a'.

11-03-2025T09:33:58 - [MESSAGE][INFO] - [SELF-HEALING] Failed Locator: '(.//*[normalize-space(text()) and normalize-space(.)='Z'])[1]/following::a[1]'.

11-03-2025T09:33:58 - [MESSAGE][INFO] - [SELF-HEALING] Failed Locator: '(.//*[normalize-space(text()) and normalize-space(.)='Deliver to'])[1]/preceding::a[1]'.

11-03-2025T09:33:58 - [MESSAGE][INFO] - [SELF-HEALING] Failed Locator: '//a[contains(@href, '/ref=nav_logo')]'.

11-03-2025T09:33:59 - [MESSAGE][INFO] - [SELF-HEALING] Working Locator: '//div/div/a'.

11-03-2025T09:33:59 - [MESSAGE][INFO] - [SELF-HEALING] Screenshot: C:/Users/simae/git/Amazon-AST/Reports/Self-healing/Object Repository/Validate_logo_007_OR/Page_Amazon.com. Spend less. Smile more/a_us_position.png

11-03-2025T09:33:59 - [MESSAGE][WARNING] - [SELF-HEALING] The current locator of test object 'Object Repository/Validate_logo_007_OR/Page_Amazon.com. Spend less. Smile more/a_us' was broken. Propose an alternative one: '//div/div/a'.

11-03-2025T09:34:01 - [MESSAGE][PASSED] - Object: 'Object Repository/Validate_logo_007_OR/Page_Amazon.com. Spend less. Smile more/a_us' is clicked on

11-03-2025T09:34:01 - [TEST_STEP][PASSED] - closeBrowser(): Browser is closed

11-03-2025T09:34:02 - [MESSAGE][PASSED] - Browser is closed]]></system-out>
         <system-err><![CDATA[]]></system-err>
      </testcase>
      <testcase name="Test Cases/Script Mode/TC_Amazon_Home_008" time="46.937" classname="Test Cases/Script Mode/TC_Amazon_Home_008" status="PASSED">
         <system-out><![CDATA[11-03-2025T09:34:02 - [TEST_CASE][PASSED] - Test Cases/Script Mode/TC_Amazon_Home_008: Test Cases/Script Mode/TC_Amazon_Home_008

11-03-2025T09:34:02 - [TEST_STEP][PASSED] - openBrowser(""): Browser is opened with url: ''

11-03-2025T09:34:02 - [MESSAGE][INFO] - Starting 'Firefox' driver

11-03-2025T09:34:02 - [MESSAGE][INFO] - Action delay is set to 0 milliseconds

11-03-2025T09:34:05 - [MESSAGE][PASSED] - Browser is opened with url: ''

11-03-2025T09:34:05 - [TEST_STEP][PASSED] - navigateToUrl("https://www.amazon.com/"): Navigate to 'https://www.amazon.com/' successfully

11-03-2025T09:34:07 - [MESSAGE][PASSED] - Navigate to 'https://www.amazon.com/' successfully

11-03-2025T09:34:07 - [TEST_STEP][PASSED] - click(findTestObject("Object Repository/Todays_deal_008_OR/Page_Amazon.com. Spend less. Smile more/a_Your Account")): Object: 'Object Repository/Todays_deal_008_OR/Page_Amazon.com. Spend less. Smile more/a_Your Account' is clicked on

11-03-2025T09:34:38 - [MESSAGE][INFO] - Unable to find the element located by 'By.xpath: //div[@id='navbar-backup-backup']/div/div[3]/a'. Please recheck the objects properties to make sure the desired element is located. 

11-03-2025T09:34:38 - [MESSAGE][WARNING] - [SELF-HEALING] Failed to find element with id 'Object Repository/Todays_deal_008_OR/Page_Amazon.com. Spend less. Smile more/a_Your Account'. Try using Self-healing.

11-03-2025T09:34:38 - [MESSAGE][WARNING] - [SELF-HEALING] The current locator of test object 'Object Repository/Todays_deal_008_OR/Page_Amazon.com. Spend less. Smile more/a_Your Account' was broken. Propose an alternative one: '//a[contains(text(),'Your Account')]'.

11-03-2025T09:34:39 - [MESSAGE][PASSED] - Object: 'Object Repository/Todays_deal_008_OR/Page_Amazon.com. Spend less. Smile more/a_Your Account' is clicked on

11-03-2025T09:34:39 - [TEST_STEP][PASSED] - click(findTestObject("Object Repository/Todays_deal_008_OR/Page_Your Account/a_Todays Deals")): Object: 'Object Repository/Todays_deal_008_OR/Page_Your Account/a_Todays Deals' is clicked on

11-03-2025T09:34:41 - [MESSAGE][PASSED] - Object: 'Object Repository/Todays_deal_008_OR/Page_Your Account/a_Todays Deals' is clicked on

11-03-2025T09:34:41 - [TEST_STEP][PASSED] - click(findTestObject("Object Repository/Todays_deal_008_OR/Page_Todays Deals/i_All_a-icon a-icon-radio")): Object: 'Object Repository/Todays_deal_008_OR/Page_Todays Deals/i_All_a-icon a-icon-radio' is clicked on

11-03-2025T09:34:43 - [MESSAGE][PASSED] - Object: 'Object Repository/Todays_deal_008_OR/Page_Todays Deals/i_All_a-icon a-icon-radio' is clicked on

11-03-2025T09:34:43 - [TEST_STEP][PASSED] - click(findTestObject("Object Repository/Todays_deal_008_OR/Page_Todays Deals/a_Clear Filters")): Object: 'Object Repository/Todays_deal_008_OR/Page_Todays Deals/a_Clear Filters' is clicked on

11-03-2025T09:34:46 - [MESSAGE][PASSED] - Object: 'Object Repository/Todays_deal_008_OR/Page_Todays Deals/a_Clear Filters' is clicked on

11-03-2025T09:34:46 - [TEST_STEP][PASSED] - click(findTestObject("Object Repository/Todays_deal_008_OR/Page_Todays Deals/i_Appliances_a-icon a-icon-radio")): Object: 'Object Repository/Todays_deal_008_OR/Page_Todays Deals/i_Appliances_a-icon a-icon-radio' is clicked on

11-03-2025T09:34:48 - [MESSAGE][PASSED] - Object: 'Object Repository/Todays_deal_008_OR/Page_Todays Deals/i_Appliances_a-icon a-icon-radio' is clicked on

11-03-2025T09:34:48 - [TEST_STEP][PASSED] - closeBrowser(): Browser is closed

11-03-2025T09:34:49 - [MESSAGE][PASSED] - Browser is closed]]></system-out>
         <system-err><![CDATA[]]></system-err>
      </testcase>
      <testcase name="Test Cases/Built-In-Keywords/TC_Amazon_Home_009" time="55.726" classname="Test Cases/Built-In-Keywords/TC_Amazon_Home_009" status="PASSED">
         <system-out><![CDATA[11-03-2025T09:34:49 - [TEST_CASE][PASSED] - Test Cases/Built-In-Keywords/TC_Amazon_Home_009: Test Cases/Built-In-Keywords/TC_Amazon_Home_009

11-03-2025T09:34:49 - [TEST_STEP][PASSED] - openBrowser(""): Browser is opened with url: ''

11-03-2025T09:34:49 - [MESSAGE][INFO] - Starting 'Firefox' driver

11-03-2025T09:34:49 - [MESSAGE][INFO] - Action delay is set to 0 milliseconds

11-03-2025T09:34:52 - [MESSAGE][PASSED] - Browser is opened with url: ''

11-03-2025T09:34:52 - [TEST_STEP][PASSED] - navigateToUrl("https://www.amazon.com/"): Navigate to 'https://www.amazon.com/' successfully

11-03-2025T09:34:54 - [MESSAGE][PASSED] - Navigate to 'https://www.amazon.com/' successfully

11-03-2025T09:34:54 - [TEST_STEP][PASSED] - out.println(getWindowTitle()): Current window's title is: 'Amazon.com. Spend less. Smile more.'

11-03-2025T09:34:54 - [MESSAGE][PASSED] - Current window's title is: 'Amazon.com. Spend less. Smile more.'

11-03-2025T09:34:54 - [TEST_STEP][PASSED] - click(findTestObject("login_003_OR/Page_Amazon.com. Spend less. Smile more/a_Your Account")): Object: 'Object Repository/login_003_OR/Page_Amazon.com. Spend less. Smile more/a_Your Account' is clicked on

11-03-2025T09:35:25 - [MESSAGE][INFO] - Unable to find the element located by 'By.xpath: //div[@id='navbar-backup-backup']/div/div[3]/a'. Please recheck the objects properties to make sure the desired element is located. 

11-03-2025T09:35:25 - [MESSAGE][WARNING] - [SELF-HEALING] Failed to find element with id 'Object Repository/login_003_OR/Page_Amazon.com. Spend less. Smile more/a_Your Account'. Try using Self-healing.

11-03-2025T09:35:25 - [MESSAGE][WARNING] - [SELF-HEALING] The current locator of test object 'Object Repository/login_003_OR/Page_Amazon.com. Spend less. Smile more/a_Your Account' was broken. Propose an alternative one: '//a[contains(text(),'Your Account')]'.

11-03-2025T09:35:26 - [MESSAGE][PASSED] - Object: 'Object Repository/login_003_OR/Page_Amazon.com. Spend less. Smile more/a_Your Account' is clicked on

11-03-2025T09:35:26 - [TEST_STEP][PASSED] - click(findTestObject("Object Repository/Built_in_keyword_009_OR/Page_Amazon.com. Spend less. Smile more/span_All")): Object: 'Object Repository/Built_in_keyword_009_OR/Page_Amazon.com. Spend less. Smile more/span_All' is clicked on

11-03-2025T09:35:27 - [MESSAGE][PASSED] - Object: 'Object Repository/Built_in_keyword_009_OR/Page_Amazon.com. Spend less. Smile more/span_All' is clicked on

11-03-2025T09:35:27 - [TEST_STEP][PASSED] - click(findTestObject("Object Repository/Built_in_keyword_009_OR/Page_Amazon.com. Spend less. Smile more/div_Electronics")): Object: 'Object Repository/Built_in_keyword_009_OR/Page_Amazon.com. Spend less. Smile more/div_Electronics' is clicked on

11-03-2025T09:35:29 - [MESSAGE][PASSED] - Object: 'Object Repository/Built_in_keyword_009_OR/Page_Amazon.com. Spend less. Smile more/div_Electronics' is clicked on

11-03-2025T09:35:29 - [TEST_STEP][PASSED] - out.println(getWindowIndex()): Current window's index is: 0

11-03-2025T09:35:29 - [MESSAGE][PASSED] - Current window's index is: 0

11-03-2025T09:35:29 - [TEST_STEP][PASSED] - back(): Navigate back successfully

11-03-2025T09:35:29 - [MESSAGE][PASSED] - Navigate back successfully

11-03-2025T09:35:29 - [TEST_STEP][PASSED] - navigateToUrl("https://www.gmail.com"): Navigate to 'https://www.gmail.com' successfully

11-03-2025T09:35:33 - [MESSAGE][PASSED] - Navigate to 'https://www.gmail.com' successfully

11-03-2025T09:35:33 - [TEST_STEP][PASSED] - delay(5): Delayed 5 second(s)

11-03-2025T09:35:38 - [MESSAGE][PASSED] - Delayed 5 second(s)

11-03-2025T09:35:38 - [TEST_STEP][PASSED] - back(): Navigate back successfully

11-03-2025T09:35:39 - [MESSAGE][PASSED] - Navigate back successfully

11-03-2025T09:35:39 - [TEST_STEP][PASSED] - delay(5): Delayed 5 second(s)

11-03-2025T09:35:44 - [MESSAGE][PASSED] - Delayed 5 second(s)

11-03-2025T09:35:44 - [TEST_STEP][PASSED] - closeBrowser(): Browser is closed

11-03-2025T09:35:45 - [MESSAGE][PASSED] - Browser is closed]]></system-out>
         <system-err><![CDATA[]]></system-err>
      </testcase>
      <system-out><![CDATA[11-03-2025T09:33:20 - [TEST_SUITE][PASSED] - Home_Page_003_TS: Test Cases/Built-In-Keywords/TC_Amazon_Home_009]]></system-out>
      <system-err><![CDATA[]]></system-err>
   </testsuite>
</testsuites>
