<?xml version="1.0" encoding="UTF-8"?>
<testsuites name="Home_page_002_TS" time="40.033" tests="3" failures="0" errors="0">
   <testsuite name="Home_page_002_TS" tests="3" failures="0" errors="0" time="40.033" skipped="0" timestamp="11-03-2025T09:50:00" hostname="simae - sima_choudhary" id="Test Suites/Home_page_002_TS">
      <properties>
         <property name="deviceName" value=""/>
         <property name="devicePlatform"/>
         <property name="logFolder" value="C:\\Users\\simae\\git\\Amazon-AST\\Reports\\20250311_094951\\Home_page_002_TS\\20250311_094952"/>
         <property name="logFiles" value="C:\\Users\\simae\\git\\Amazon-AST\\Reports\\20250311_094951\\Home_page_002_TS\\20250311_094952\\execution0.log"/>
         <property name="attachments" value=""/>
         <property name="hostName" value="simae - sima_choudhary"/>
         <property name="os" value="Windows 11 64bit"/>
         <property name="katalonVersion" value="10.1.0.223"/>
         <property name="browser" value="Firefox 136.0"/>
         <property name="hostAddress" value="192.168.79.186"/>
         <property name="sessionId" value="7e60f4cc-4016-41f9-9b19-08af10d59821"/>
         <property name="seleniumVersion" value="4.22.0"/>
         <property name="proxyInformation" value="ProxyInformation { proxyOption=NO_PROXY, proxyServerType=HTTP, username=, password=********, proxyServerAddress=, proxyServerPort=0, executionList=&quot;&quot;, isApplyToDesiredCapabilities=true }"/>
         <property name="platform" value="Windows 11"/>
      </properties>
      <testcase name="Test Cases/Manual Recording/TC_Amazon_Home_004" time="13.93" classname="Test Cases/Manual Recording/TC_Amazon_Home_004" status="PASSED">
         <system-out><![CDATA[11-03-2025T09:50:00 - [TEST_CASE][PASSED] - Test Cases/Manual Recording/TC_Amazon_Home_004: Test Cases/Manual Recording/TC_Amazon_Home_004

11-03-2025T09:50:00 - [TEST_STEP][PASSED] - openBrowser(""): Browser is opened with url: ''

11-03-2025T09:50:01 - [MESSAGE][INFO] - Starting 'Firefox' driver

11-03-2025T09:50:01 - [MESSAGE][INFO] - Action delay is set to 0 milliseconds

11-03-2025T09:50:05 - [MESSAGE][PASSED] - Browser is opened with url: ''

11-03-2025T09:50:05 - [TEST_STEP][PASSED] - navigateToUrl("https://www.amazon.com/"): Navigate to 'https://www.amazon.com/' successfully

11-03-2025T09:50:06 - [MESSAGE][PASSED] - Navigate to 'https://www.amazon.com/' successfully

11-03-2025T09:50:06 - [TEST_STEP][PASSED] - click(findTestObject("login_003_OR/Page_Amazon.com. Spend less. Smile more/a_Your Account")): Object: 'Object Repository/login_003_OR/Page_Amazon.com. Spend less. Smile more/a_Your Account' is clicked on

11-03-2025T09:50:07 - [MESSAGE][PASSED] - Object: 'Object Repository/login_003_OR/Page_Amazon.com. Spend less. Smile more/a_Your Account' is clicked on

11-03-2025T09:50:07 - [TEST_STEP][PASSED] - click(findTestObject("Object Repository/currency_setting_004_OR/Page_Amazon.com. Spend less. Smile more/span_USD - U.S. Dollar")): Object: 'Object Repository/currency_setting_004_OR/Page_Amazon.com. Spend less. Smile more/span_USD - U.S. Dollar' is clicked on

11-03-2025T09:50:09 - [MESSAGE][PASSED] - Object: 'Object Repository/currency_setting_004_OR/Page_Amazon.com. Spend less. Smile more/span_USD - U.S. Dollar' is clicked on

11-03-2025T09:50:09 - [TEST_STEP][PASSED] - click(findTestObject("Object Repository/currency_setting_004_OR/Page_Change Language  Currency Settings/span_- USD - US Dollar (Default)")): Object: 'Object Repository/currency_setting_004_OR/Page_Change Language  Currency Settings/span_- USD - US Dollar (Default)' is clicked on

11-03-2025T09:50:11 - [MESSAGE][PASSED] - Object: 'Object Repository/currency_setting_004_OR/Page_Change Language  Currency Settings/span_- USD - US Dollar (Default)' is clicked on

11-03-2025T09:50:11 - [TEST_STEP][PASSED] - click(findTestObject("Object Repository/currency_setting_004_OR/Page_Change Language  Currency Settings/a_- INR - Indian Rupee")): Object: 'Object Repository/currency_setting_004_OR/Page_Change Language  Currency Settings/a_- INR - Indian Rupee' is clicked on

11-03-2025T09:50:12 - [MESSAGE][PASSED] - Object: 'Object Repository/currency_setting_004_OR/Page_Change Language  Currency Settings/a_- INR - Indian Rupee' is clicked on

11-03-2025T09:50:12 - [TEST_STEP][PASSED] - click(findTestObject("Object Repository/currency_setting_004_OR/Page_Change Language  Currency Settings/input_Cancel_a-button-input")): Object: 'Object Repository/currency_setting_004_OR/Page_Change Language  Currency Settings/input_Cancel_a-button-input' is clicked on

11-03-2025T09:50:12 - [MESSAGE][PASSED] - Object: 'Object Repository/currency_setting_004_OR/Page_Change Language  Currency Settings/input_Cancel_a-button-input' is clicked on

11-03-2025T09:50:12 - [TEST_STEP][PASSED] - closeBrowser(): Browser is closed

11-03-2025T09:50:14 - [MESSAGE][PASSED] - Browser is closed]]></system-out>
         <system-err><![CDATA[]]></system-err>
      </testcase>
      <testcase name="Test Cases/Record and Playback/TC_Amazon_Home_005" time="10.846" classname="Test Cases/Record and Playback/TC_Amazon_Home_005" status="PASSED">
         <system-out><![CDATA[11-03-2025T09:50:14 - [TEST_CASE][PASSED] - Test Cases/Record and Playback/TC_Amazon_Home_005: Test Cases/Record and Playback/TC_Amazon_Home_005

11-03-2025T09:50:14 - [TEST_STEP][PASSED] - openBrowser(""): Browser is opened with url: ''

11-03-2025T09:50:14 - [MESSAGE][INFO] - Starting 'Firefox' driver

11-03-2025T09:50:14 - [MESSAGE][INFO] - Action delay is set to 0 milliseconds

11-03-2025T09:50:17 - [MESSAGE][PASSED] - Browser is opened with url: ''

11-03-2025T09:50:17 - [TEST_STEP][PASSED] - navigateToUrl("https://www.amazon.com/"): Navigate to 'https://www.amazon.com/' successfully

11-03-2025T09:50:19 - [MESSAGE][PASSED] - Navigate to 'https://www.amazon.com/' successfully

11-03-2025T09:50:19 - [TEST_STEP][PASSED] - click(findTestObject("Object Repository/country_Selection_005_OR/Page_Amazon.com. Spend less. Smile more/span_United States")): Object: 'Object Repository/country_Selection_005_OR/Page_Amazon.com. Spend less. Smile more/span_United States' is clicked on

11-03-2025T09:50:21 - [MESSAGE][PASSED] - Object: 'Object Repository/country_Selection_005_OR/Page_Amazon.com. Spend less. Smile more/span_United States' is clicked on

11-03-2025T09:50:21 - [TEST_STEP][PASSED] - click(findTestObject("Object Repository/country_Selection_005_OR/Page_Go to website/span_United States")): Object: 'Object Repository/country_Selection_005_OR/Page_Go to website/span_United States' is clicked on

11-03-2025T09:50:22 - [MESSAGE][PASSED] - Object: 'Object Repository/country_Selection_005_OR/Page_Go to website/span_United States' is clicked on

11-03-2025T09:50:22 - [TEST_STEP][PASSED] - click(findTestObject("Object Repository/country_Selection_005_OR/Page_Go to website/a_India")): Object: 'Object Repository/country_Selection_005_OR/Page_Go to website/a_India' is clicked on

11-03-2025T09:50:23 - [MESSAGE][PASSED] - Object: 'Object Repository/country_Selection_005_OR/Page_Go to website/a_India' is clicked on

11-03-2025T09:50:23 - [TEST_STEP][PASSED] - closeBrowser(): Browser is closed

11-03-2025T09:50:25 - [MESSAGE][PASSED] - Browser is closed]]></system-out>
         <system-err><![CDATA[]]></system-err>
      </testcase>
      <testcase name="Test Cases/Record and Playback/TC_Amazon_Home_006" time="14.787" classname="Test Cases/Record and Playback/TC_Amazon_Home_006" status="PASSED">
         <system-out><![CDATA[11-03-2025T09:50:25 - [TEST_CASE][PASSED] - Test Cases/Record and Playback/TC_Amazon_Home_006: Test Cases/Record and Playback/TC_Amazon_Home_006

11-03-2025T09:50:25 - [TEST_STEP][PASSED] - openBrowser(""): Browser is opened with url: ''

11-03-2025T09:50:25 - [MESSAGE][INFO] - Starting 'Firefox' driver

11-03-2025T09:50:25 - [MESSAGE][INFO] - Action delay is set to 0 milliseconds

11-03-2025T09:50:27 - [MESSAGE][PASSED] - Browser is opened with url: ''

11-03-2025T09:50:27 - [TEST_STEP][PASSED] - navigateToUrl("https://www.amazon.com/"): Navigate to 'https://www.amazon.com/' successfully

11-03-2025T09:50:29 - [MESSAGE][PASSED] - Navigate to 'https://www.amazon.com/' successfully

11-03-2025T09:50:29 - [TEST_STEP][PASSED] - click(findTestObject("Object Repository/validating_footer_link_006_OR/Page_Amazon.com. Spend less. Smile more/a_Conditions of Use")): Object: 'Object Repository/validating_footer_link_006_OR/Page_Amazon.com. Spend less. Smile more/a_Conditions of Use' is clicked on

11-03-2025T09:50:30 - [MESSAGE][PASSED] - Object: 'Object Repository/validating_footer_link_006_OR/Page_Amazon.com. Spend less. Smile more/a_Conditions of Use' is clicked on

11-03-2025T09:50:30 - [TEST_STEP][PASSED] - back(STOP_ON_FAILURE): Navigate back successfully

11-03-2025T09:50:31 - [MESSAGE][PASSED] - Navigate back successfully

11-03-2025T09:50:31 - [TEST_STEP][PASSED] - click(findTestObject("Object Repository/validating_footer_link_006_OR/Page_Amazon.com. Spend less. Smile more/a_Privacy Notice")): Object: 'Object Repository/validating_footer_link_006_OR/Page_Amazon.com. Spend less. Smile more/a_Privacy Notice' is clicked on

11-03-2025T09:50:33 - [MESSAGE][PASSED] - Object: 'Object Repository/validating_footer_link_006_OR/Page_Amazon.com. Spend less. Smile more/a_Privacy Notice' is clicked on

11-03-2025T09:50:33 - [TEST_STEP][PASSED] - back(): Navigate back successfully

11-03-2025T09:50:33 - [MESSAGE][PASSED] - Navigate back successfully

11-03-2025T09:50:33 - [TEST_STEP][PASSED] - click(findTestObject("Object Repository/validating_footer_link_006_OR/Page_Amazon.com. Spend less. Smile more/a_Interest-Based Ads")): Object: 'Object Repository/validating_footer_link_006_OR/Page_Amazon.com. Spend less. Smile more/a_Interest-Based Ads' is clicked on

11-03-2025T09:50:36 - [MESSAGE][PASSED] - Object: 'Object Repository/validating_footer_link_006_OR/Page_Amazon.com. Spend less. Smile more/a_Interest-Based Ads' is clicked on

11-03-2025T09:50:36 - [TEST_STEP][PASSED] - back(): Navigate back successfully

11-03-2025T09:50:36 - [MESSAGE][PASSED] - Navigate back successfully

11-03-2025T09:50:36 - [TEST_STEP][PASSED] - click(findTestObject("Object Repository/validating_footer_link_006_OR/Page_Amazon.com. Spend less. Smile more/li_1996-2024, Amazon.com, Inc. or its affiliates")): Object: 'Object Repository/validating_footer_link_006_OR/Page_Amazon.com. Spend less. Smile more/li_1996-2024, Amazon.com, Inc. or its affiliates' is clicked on

11-03-2025T09:50:37 - [MESSAGE][PASSED] - Object: 'Object Repository/validating_footer_link_006_OR/Page_Amazon.com. Spend less. Smile more/li_1996-2024, Amazon.com, Inc. or its affiliates' is clicked on

11-03-2025T09:50:37 - [TEST_STEP][PASSED] - back(): Navigate back successfully

11-03-2025T09:50:37 - [MESSAGE][PASSED] - Navigate back successfully

11-03-2025T09:50:37 - [TEST_STEP][PASSED] - click(findTestObject("Object Repository/validating_footer_link_006_OR/Page_Amazon.com. Spend less. Smile more/img")): Object: 'Object Repository/validating_footer_link_006_OR/Page_Amazon.com. Spend less. Smile more/img' is clicked on

11-03-2025T09:50:38 - [MESSAGE][PASSED] - Object: 'Object Repository/validating_footer_link_006_OR/Page_Amazon.com. Spend less. Smile more/img' is clicked on

11-03-2025T09:50:38 - [TEST_STEP][PASSED] - closeBrowser(): Browser is closed

11-03-2025T09:50:40 - [MESSAGE][PASSED] - Browser is closed]]></system-out>
         <system-err><![CDATA[]]></system-err>
      </testcase>
      <system-out><![CDATA[11-03-2025T09:50:00 - [TEST_SUITE][PASSED] - Home_page_002_TS: Test Cases/Record and Playback/TC_Amazon_Home_006]]></system-out>
      <system-err><![CDATA[]]></system-err>
   </testsuite>
</testsuites>
